Started GET "/" for ::1 at 2019-06-19 17:43:47 -0700
  [1m[35m (16.0ms)[0m  [1m[34mSELECT "schema_migrations"."version" FROM "schema_migrations" ORDER BY "schema_migrations"."version" ASC[0m
Started GET "/feed" for ::1 at 2019-06-19 17:43:49 -0700
Processing by FeedsController#show as HTML
Redirected to http://localhost:3000/session/new
Filter chain halted as :require_logged_in! rendered or redirected
Completed 302 Found in 8ms (ActiveRecord: 0.0ms)


Started GET "/session/new" for ::1 at 2019-06-19 17:43:49 -0700
Processing by SessionsController#new as HTML
  Rendering sessions/new.html.erb within layouts/application
  Rendered sessions/new.html.erb within layouts/application (6.5ms)
  [1m[36mUser Load (11.4ms)[0m  [1m[34mSELECT "users".* FROM "users"[0m
  Rendered users/_user.json.jbuilder (0.7ms)
  Rendered users/_user.json.jbuilder (0.2ms)
  Rendered users/_user.json.jbuilder (0.1ms)
  Rendered users/_user.json.jbuilder (0.1ms)
  Rendered users/_user.json.jbuilder (0.1ms)
  Rendered users/_user.json.jbuilder (0.1ms)
  Rendered users/_user.json.jbuilder (0.1ms)
  Rendered users/_user.json.jbuilder (0.1ms)
  Rendered users/_users.json.jbuilder (102.9ms)
Completed 200 OK in 861ms (Views: 817.6ms | ActiveRecord: 42.7ms)


Started GET "/users/new" for ::1 at 2019-06-19 17:43:58 -0700
Processing by UsersController#new as HTML
  Rendering users/new.html.erb within layouts/application
  Rendered users/new.html.erb within layouts/application (0.9ms)
  [1m[36mUser Load (0.4ms)[0m  [1m[34mSELECT "users".* FROM "users"[0m
  Rendered users/_user.json.jbuilder (0.4ms)
  Rendered users/_user.json.jbuilder (0.1ms)
  Rendered users/_user.json.jbuilder (0.1ms)
  Rendered users/_user.json.jbuilder (0.1ms)
  Rendered users/_user.json.jbuilder (0.1ms)
  Rendered users/_user.json.jbuilder (0.1ms)
  Rendered users/_user.json.jbuilder (0.1ms)
  Rendered users/_user.json.jbuilder (0.1ms)
  Rendered users/_users.json.jbuilder (11.5ms)
Completed 200 OK in 51ms (Views: 47.3ms | ActiveRecord: 0.4ms)


Started POST "/users" for ::1 at 2019-06-19 17:44:08 -0700
Processing by UsersController#create as HTML
  Parameters: {"authenticity_token"=>"Zb1zfETQAqTa9jn9deIwpkJY/pFnXnC+YutUDoti+jPLwnUcpfCHmAwCUAF31bROJ9W2IAtJRHYyQMb2oREJ7g==", "user"=>{"username"=>"jenken", "password"=>"[FILTERED]"}}
  [1m[35m (2.4ms)[0m  [1m[35mBEGIN[0m
  [1m[36mUser Exists (6.4ms)[0m  [1m[34mSELECT  1 AS one FROM "users" WHERE "users"."username" = $1 LIMIT $2[0m  [["username", "jenken"], ["LIMIT", 1]]
  [1m[35mSQL (27.2ms)[0m  [1m[32mINSERT INTO "users" ("username", "password_digest", "session_token", "created_at", "updated_at") VALUES ($1, $2, $3, $4, $5) RETURNING "id"[0m  [["username", "jenken"], ["password_digest", "$2a$12$YM2aoSLdCphISomrK6C03e2S1VafZKggNlr5X8OEE8/2PmfVl1ZXO"], ["session_token", "lO82H7YcHfC3hr7ul2QTIw"], ["created_at", "2019-06-20 00:44:08.389619"], ["updated_at", "2019-06-20 00:44:08.389619"]]
  [1m[35m (3.2ms)[0m  [1m[35mCOMMIT[0m
  [1m[35m (0.2ms)[0m  [1m[35mBEGIN[0m
  [1m[36mUser Exists (0.6ms)[0m  [1m[34mSELECT  1 AS one FROM "users" WHERE "users"."username" = $1 AND ("users"."id" != $2) LIMIT $3[0m  [["username", "jenken"], ["id", 9], ["LIMIT", 1]]
  [1m[35mSQL (1.5ms)[0m  [1m[33mUPDATE "users" SET "session_token" = $1, "updated_at" = $2 WHERE "users"."id" = $3[0m  [["session_token", "CehYPho0msvT9in_VE4kgg"], ["updated_at", "2019-06-20 00:44:08.429198"], ["id", 9]]
  [1m[35m (2.3ms)[0m  [1m[35mCOMMIT[0m
Redirected to http://localhost:3000/feed
Completed 302 Found in 372ms (ActiveRecord: 43.8ms)


Started GET "/feed" for ::1 at 2019-06-19 17:44:08 -0700
Processing by FeedsController#show as HTML
  [1m[36mUser Load (0.3ms)[0m  [1m[34mSELECT  "users".* FROM "users" WHERE "users"."session_token" = $1 LIMIT $2[0m  [["session_token", "CehYPho0msvT9in_VE4kgg"], ["LIMIT", 1]]
  Rendering feeds/show.html.erb within layouts/application
  Rendered tweets/_form.html.erb (0.6ms)
  [1m[35mSQL (40.0ms)[0m  [1m[34mSELECT  DISTINCT "tweets"."id", tweets.created_at AS alias_0 FROM "tweets" INNER JOIN "users" ON "users"."id" = "tweets"."user_id" LEFT OUTER JOIN "mentions" ON "mentions"."tweet_id" = "tweets"."id" LEFT OUTER JOIN "users" "users_mentions" ON "users_mentions"."id" = "mentions"."user_id" LEFT OUTER JOIN follows ON users.id = follows.followee_id WHERE (tweets.user_id = 9 OR follows.follower_id = 9) ORDER BY tweets.created_at DESC LIMIT $1[0m  [["LIMIT", 20]]
  Rendered feeds/show.html.erb within layouts/application (103.2ms)
  [1m[36mUser Load (0.5ms)[0m  [1m[34mSELECT "users".* FROM "users"[0m
  Rendered users/_user.json.jbuilder (0.4ms)
  Rendered users/_user.json.jbuilder (0.1ms)
  Rendered users/_user.json.jbuilder (0.1ms)
  Rendered users/_user.json.jbuilder (0.1ms)
  Rendered users/_user.json.jbuilder (0.1ms)
  Rendered users/_user.json.jbuilder (0.5ms)
  Rendered users/_user.json.jbuilder (0.1ms)
  Rendered users/_user.json.jbuilder (0.1ms)
  Rendered users/_user.json.jbuilder (0.1ms)
  Rendered users/_users.json.jbuilder (17.4ms)
Completed 200 OK in 180ms (Views: 105.9ms | ActiveRecord: 48.5ms)


Started GET "/users/search" for ::1 at 2019-06-19 17:44:12 -0700
Processing by UsersController#search as HTML
  Rendering users/search.html.erb within layouts/application
  Rendered users/search.html.erb within layouts/application (0.5ms)
  [1m[36mUser Load (0.4ms)[0m  [1m[34mSELECT "users".* FROM "users"[0m
  Rendered users/_user.json.jbuilder (0.4ms)
  Rendered users/_user.json.jbuilder (0.1ms)
  Rendered users/_user.json.jbuilder (0.2ms)
  Rendered users/_user.json.jbuilder (0.1ms)
  Rendered users/_user.json.jbuilder (0.1ms)
  Rendered users/_user.json.jbuilder (0.1ms)
  Rendered users/_user.json.jbuilder (0.1ms)
  Rendered users/_user.json.jbuilder (0.2ms)
  Rendered users/_user.json.jbuilder (0.1ms)
  Rendered users/_users.json.jbuilder (16.3ms)
  [1m[36mUser Load (0.4ms)[0m  [1m[34mSELECT  "users".* FROM "users" WHERE "users"."session_token" = $1 LIMIT $2[0m  [["session_token", "CehYPho0msvT9in_VE4kgg"], ["LIMIT", 1]]
Completed 200 OK in 64ms (Views: 61.9ms | ActiveRecord: 0.8ms)


Started GET "/users/search?username=hello" for ::1 at 2019-06-19 17:44:15 -0700
Processing by UsersController#search as HTML
  Parameters: {"username"=>"hello"}
  Rendering users/search.html.erb within layouts/application
  Rendered users/search.html.erb within layouts/application (0.7ms)
  [1m[36mUser Load (0.4ms)[0m  [1m[34mSELECT "users".* FROM "users"[0m
  Rendered users/_user.json.jbuilder (0.3ms)
  Rendered users/_user.json.jbuilder (0.1ms)
  Rendered users/_user.json.jbuilder (0.1ms)
  Rendered users/_user.json.jbuilder (0.1ms)
  Rendered users/_user.json.jbuilder (0.1ms)
  Rendered users/_user.json.jbuilder (0.1ms)
  Rendered users/_user.json.jbuilder (0.1ms)
  Rendered users/_user.json.jbuilder (0.1ms)
  Rendered users/_user.json.jbuilder (0.1ms)
  Rendered users/_users.json.jbuilder (11.7ms)
  [1m[36mUser Load (0.5ms)[0m  [1m[34mSELECT  "users".* FROM "users" WHERE "users"."session_token" = $1 LIMIT $2[0m  [["session_token", "CehYPho0msvT9in_VE4kgg"], ["LIMIT", 1]]
Completed 200 OK in 50ms (Views: 48.6ms | ActiveRecord: 0.8ms)


Started GET "/users/search?username=j" for ::1 at 2019-06-19 17:44:17 -0700
Processing by UsersController#search as HTML
  Parameters: {"username"=>"j"}
  Rendering users/search.html.erb within layouts/application
  Rendered users/search.html.erb within layouts/application (0.7ms)
  [1m[36mUser Load (0.6ms)[0m  [1m[34mSELECT "users".* FROM "users"[0m
  Rendered users/_user.json.jbuilder (0.4ms)
  Rendered users/_user.json.jbuilder (0.1ms)
  Rendered users/_user.json.jbuilder (0.1ms)
  Rendered users/_user.json.jbuilder (0.1ms)
  Rendered users/_user.json.jbuilder (0.1ms)
  Rendered users/_user.json.jbuilder (0.1ms)
  Rendered users/_user.json.jbuilder (0.1ms)
  Rendered users/_user.json.jbuilder (0.1ms)
  Rendered users/_user.json.jbuilder (0.1ms)
  Rendered users/_users.json.jbuilder (12.9ms)
  [1m[36mUser Load (0.5ms)[0m  [1m[34mSELECT  "users".* FROM "users" WHERE "users"."session_token" = $1 LIMIT $2[0m  [["session_token", "CehYPho0msvT9in_VE4kgg"], ["LIMIT", 1]]
Completed 200 OK in 52ms (Views: 49.6ms | ActiveRecord: 1.1ms)


Started GET "/users/search?username=jenken" for ::1 at 2019-06-19 17:44:25 -0700
Processing by UsersController#search as HTML
  Parameters: {"username"=>"jenken"}
  Rendering users/search.html.erb within layouts/application
  Rendered users/search.html.erb within layouts/application (0.9ms)
  [1m[36mUser Load (0.4ms)[0m  [1m[34mSELECT "users".* FROM "users"[0m
  Rendered users/_user.json.jbuilder (0.3ms)
  Rendered users/_user.json.jbuilder (0.1ms)
  Rendered users/_user.json.jbuilder (0.1ms)
  Rendered users/_user.json.jbuilder (0.1ms)
  Rendered users/_user.json.jbuilder (0.1ms)
  Rendered users/_user.json.jbuilder (0.1ms)
  Rendered users/_user.json.jbuilder (0.1ms)
  Rendered users/_user.json.jbuilder (0.1ms)
  Rendered users/_user.json.jbuilder (0.1ms)
  Rendered users/_users.json.jbuilder (12.6ms)
  [1m[36mUser Load (0.5ms)[0m  [1m[34mSELECT  "users".* FROM "users" WHERE "users"."session_token" = $1 LIMIT $2[0m  [["session_token", "CehYPho0msvT9in_VE4kgg"], ["LIMIT", 1]]
Completed 200 OK in 56ms (Views: 54.3ms | ActiveRecord: 0.9ms)


Started GET "/feed" for ::1 at 2019-06-19 17:44:28 -0700
Processing by FeedsController#show as HTML
  [1m[36mUser Load (1.3ms)[0m  [1m[34mSELECT  "users".* FROM "users" WHERE "users"."session_token" = $1 LIMIT $2[0m  [["session_token", "CehYPho0msvT9in_VE4kgg"], ["LIMIT", 1]]
  Rendering feeds/show.html.erb within layouts/application
  Rendered tweets/_form.html.erb (0.3ms)
  [1m[35mSQL (2.2ms)[0m  [1m[34mSELECT  DISTINCT "tweets"."id", tweets.created_at AS alias_0 FROM "tweets" INNER JOIN "users" ON "users"."id" = "tweets"."user_id" LEFT OUTER JOIN "mentions" ON "mentions"."tweet_id" = "tweets"."id" LEFT OUTER JOIN "users" "users_mentions" ON "users_mentions"."id" = "mentions"."user_id" LEFT OUTER JOIN follows ON users.id = follows.followee_id WHERE (tweets.user_id = 9 OR follows.follower_id = 9) ORDER BY tweets.created_at DESC LIMIT $1[0m  [["LIMIT", 20]]
  Rendered feeds/show.html.erb within layouts/application (8.9ms)
  [1m[36mUser Load (0.7ms)[0m  [1m[34mSELECT "users".* FROM "users"[0m
  Rendered users/_user.json.jbuilder (0.6ms)
  Rendered users/_user.json.jbuilder (0.1ms)
  Rendered users/_user.json.jbuilder (0.1ms)
  Rendered users/_user.json.jbuilder (0.1ms)
  Rendered users/_user.json.jbuilder (0.1ms)
  Rendered users/_user.json.jbuilder (0.1ms)
  Rendered users/_user.json.jbuilder (0.1ms)
  Rendered users/_user.json.jbuilder (0.1ms)
  Rendered users/_user.json.jbuilder (0.1ms)
  Rendered users/_users.json.jbuilder (13.9ms)
Completed 200 OK in 78ms (Views: 67.6ms | ActiveRecord: 4.1ms)


Started GET "/users" for ::1 at 2019-06-19 17:44:44 -0700
  
ActionController::RoutingError (No route matches [GET] "/users"):
  
actionpack (5.1.7) lib/action_dispatch/middleware/debug_exceptions.rb:63:in `call'
web-console (3.7.0) lib/web_console/middleware.rb:135:in `call_app'
web-console (3.7.0) lib/web_console/middleware.rb:30:in `block in call'
web-console (3.7.0) lib/web_console/middleware.rb:20:in `catch'
web-console (3.7.0) lib/web_console/middleware.rb:20:in `call'
actionpack (5.1.7) lib/action_dispatch/middleware/show_exceptions.rb:31:in `call'
railties (5.1.7) lib/rails/rack/logger.rb:36:in `call_app'
railties (5.1.7) lib/rails/rack/logger.rb:24:in `block in call'
activesupport (5.1.7) lib/active_support/tagged_logging.rb:69:in `block in tagged'
activesupport (5.1.7) lib/active_support/tagged_logging.rb:26:in `tagged'
activesupport (5.1.7) lib/active_support/tagged_logging.rb:69:in `tagged'
railties (5.1.7) lib/rails/rack/logger.rb:24:in `call'
sprockets-rails (3.2.1) lib/sprockets/rails/quiet_assets.rb:13:in `call'
actionpack (5.1.7) lib/action_dispatch/middleware/remote_ip.rb:79:in `call'
actionpack (5.1.7) lib/action_dispatch/middleware/request_id.rb:25:in `call'
rack (2.0.7) lib/rack/method_override.rb:22:in `call'
rack (2.0.7) lib/rack/runtime.rb:22:in `call'
activesupport (5.1.7) lib/active_support/cache/strategy/local_cache_middleware.rb:27:in `call'
actionpack (5.1.7) lib/action_dispatch/middleware/executor.rb:12:in `call'
actionpack (5.1.7) lib/action_dispatch/middleware/static.rb:125:in `call'
rack (2.0.7) lib/rack/sendfile.rb:111:in `call'
railties (5.1.7) lib/rails/engine.rb:522:in `call'
puma (3.12.1) lib/puma/configuration.rb:227:in `call'
puma (3.12.1) lib/puma/server.rb:660:in `handle_request'
puma (3.12.1) lib/puma/server.rb:474:in `process_client'
puma (3.12.1) lib/puma/server.rb:334:in `block in run'
puma (3.12.1) lib/puma/thread_pool.rb:135:in `block in spawn_thread'
Started GET "/users/1" for ::1 at 2019-06-19 17:44:50 -0700
Processing by UsersController#show as HTML
  Parameters: {"id"=>"1"}
  [1m[36mUser Load (2.8ms)[0m  [1m[34mSELECT  "users".* FROM "users" WHERE "users"."session_token" = $1 LIMIT $2[0m  [["session_token", "CehYPho0msvT9in_VE4kgg"], ["LIMIT", 1]]
  [1m[36mUser Load (0.9ms)[0m  [1m[34mSELECT  "users".* FROM "users" WHERE "users"."id" = $1 LIMIT $2[0m  [["id", 1], ["LIMIT", 1]]
  [1m[36mTweet Load (1.7ms)[0m  [1m[34mSELECT "tweets".* FROM "tweets" WHERE "tweets"."user_id" = 1[0m
  [1m[36mMention Load (2.8ms)[0m  [1m[34mSELECT "mentions".* FROM "mentions" WHERE "mentions"."tweet_id" IN (1, 2, 3, 4, 5, 6, 7, 8, 9, 10, 11, 12, 13, 14, 15, 16, 17, 18, 19, 20, 21, 22, 23, 24, 25, 26, 27, 28, 29, 30, 31, 32, 33, 34, 35, 36, 37, 38, 39, 40)[0m
  Rendering users/show.html.erb within layouts/application
  [1m[35m (6.0ms)[0m  [1m[34mSELECT "follows"."followee_id" FROM "follows" WHERE "follows"."follower_id" = $1[0m  [["follower_id", 9]]
  Rendered follows/_form.html.erb (23.4ms)
  Rendered tweets/_tweet.html.erb (1.1ms)
  Rendered tweets/_tweet.html.erb (0.2ms)
  Rendered tweets/_tweet.html.erb (0.3ms)
  Rendered tweets/_tweet.html.erb (0.2ms)
  Rendered tweets/_tweet.html.erb (0.4ms)
  Rendered tweets/_tweet.html.erb (0.3ms)
  Rendered tweets/_tweet.html.erb (0.2ms)
  Rendered tweets/_tweet.html.erb (0.2ms)
  Rendered tweets/_tweet.html.erb (0.2ms)
  Rendered tweets/_tweet.html.erb (0.3ms)
  Rendered tweets/_tweet.html.erb (0.2ms)
  Rendered tweets/_tweet.html.erb (0.2ms)
  Rendered tweets/_tweet.html.erb (0.2ms)
  Rendered tweets/_tweet.html.erb (0.2ms)
  Rendered tweets/_tweet.html.erb (0.2ms)
  Rendered tweets/_tweet.html.erb (0.6ms)
  Rendered tweets/_tweet.html.erb (0.2ms)
  Rendered tweets/_tweet.html.erb (0.2ms)
  Rendered tweets/_tweet.html.erb (0.2ms)
  Rendered tweets/_tweet.html.erb (0.2ms)
  Rendered tweets/_tweet.html.erb (0.2ms)
  Rendered tweets/_tweet.html.erb (0.2ms)
  Rendered tweets/_tweet.html.erb (0.2ms)
  Rendered tweets/_tweet.html.erb (0.2ms)
  Rendered tweets/_tweet.html.erb (0.2ms)
  Rendered tweets/_tweet.html.erb (0.2ms)
  Rendered tweets/_tweet.html.erb (0.5ms)
  Rendered tweets/_tweet.html.erb (0.3ms)
  Rendered tweets/_tweet.html.erb (0.3ms)
  Rendered tweets/_tweet.html.erb (0.3ms)
  Rendered tweets/_tweet.html.erb (0.2ms)
  Rendered tweets/_tweet.html.erb (0.4ms)
  Rendered tweets/_tweet.html.erb (0.2ms)
  Rendered tweets/_tweet.html.erb (0.2ms)
  Rendered tweets/_tweet.html.erb (0.2ms)
  Rendered tweets/_tweet.html.erb (0.5ms)
  Rendered tweets/_tweet.html.erb (0.3ms)
  Rendered tweets/_tweet.html.erb (0.2ms)
  Rendered tweets/_tweet.html.erb (0.3ms)
  Rendered tweets/_tweet.html.erb (0.2ms)
  [1m[35m (9.3ms)[0m  [1m[34mSELECT COUNT(*) FROM "users" INNER JOIN "follows" ON "users"."id" = "follows"."follower_id" WHERE "follows"."followee_id" = $1[0m  [["followee_id", 1]]
  [1m[36mUser Load (0.7ms)[0m  [1m[34mSELECT "users".* FROM "users" INNER JOIN "follows" ON "users"."id" = "follows"."follower_id" WHERE "follows"."followee_id" = $1[0m  [["followee_id", 1]]
  [1m[35m (0.9ms)[0m  [1m[34mSELECT COUNT(*) FROM "users" INNER JOIN "follows" ON "users"."id" = "follows"."followee_id" WHERE "follows"."follower_id" = $1[0m  [["follower_id", 1]]
  [1m[36mUser Load (0.6ms)[0m  [1m[34mSELECT "users".* FROM "users" INNER JOIN "follows" ON "users"."id" = "follows"."followee_id" WHERE "follows"."follower_id" = $1[0m  [["follower_id", 1]]
  Rendered users/show.html.erb within layouts/application (159.8ms)
  [1m[36mUser Load (0.5ms)[0m  [1m[34mSELECT "users".* FROM "users"[0m
  Rendered users/_user.json.jbuilder (0.4ms)
  Rendered users/_user.json.jbuilder (0.1ms)
  Rendered users/_user.json.jbuilder (0.1ms)
  Rendered users/_user.json.jbuilder (0.1ms)
  Rendered users/_user.json.jbuilder (0.1ms)
  Rendered users/_user.json.jbuilder (0.1ms)
  Rendered users/_user.json.jbuilder (0.1ms)
  Rendered users/_user.json.jbuilder (0.1ms)
  Rendered users/_user.json.jbuilder (0.1ms)
  Rendered users/_users.json.jbuilder (10.5ms)
Completed 200 OK in 329ms (Views: 174.6ms | ActiveRecord: 32.1ms)


